Using pre-set license
Built from '2020.3/staging' branch; Version is '2020.3.14f1 (d0d1bb862f9d) revision 13685179'; Using compiler version '192528614'; Build Type 'Release'
OS: 'Windows 10 Home; OS build 19042.1110; Version 2009; 64bit' Language: 'en' Physical Memory: 16336 MB
BatchMode: 1, IsHumanControllingUs: 0, StartBugReporterOnCrash: 0, Is64bit: 1, IsPro: 0

 COMMAND LINE ARGUMENTS:
D:\Programs\Unity\2020.3.14f1\Editor\Unity.exe
-adb2
-batchMode
-noUpm
-name
AssetImportWorker0
-projectPath
D:/Coding/Work/Stochastic-Neutronics-Visual/Stochastic-Neutronics-Visual
-logFile
Logs/AssetImportWorker0.log
-srvPort
56647
Successfully changed project path to: D:/Coding/Work/Stochastic-Neutronics-Visual/Stochastic-Neutronics-Visual
D:/Coding/Work/Stochastic-Neutronics-Visual/Stochastic-Neutronics-Visual
Using Asset Import Pipeline V2.
Refreshing native plugins compatible for Editor in 174.23 ms, found 6 plugins.
Preloading 1 native plugins for Editor in 1.85 ms.
Initialize engine version: 2020.3.14f1 (d0d1bb862f9d)
[Subsystems] Discovering subsystems at path D:/Programs/Unity/2020.3.14f1/Editor/Data/Resources/UnitySubsystems
[Subsystems] Discovering subsystems at path D:/Coding/Work/Stochastic-Neutronics-Visual/Stochastic-Neutronics-Visual/Assets
GfxDevice: creating device client; threaded=0
Direct3D:
    Version:  Direct3D 11.0 [level 11.1]
    Renderer: NVIDIA GeForce GTX 1060 with Max-Q Design (ID=0x1c60)
    Vendor:   
    VRAM:     6052 MB
    Driver:   27.21.14.6677
Shader 'Oculus/OVRMRCameraFrameLit': fallback shader 'Alpha-Diffuse' not found
Initialize mono
Mono path[0] = 'D:/Programs/Unity/2020.3.14f1/Editor/Data/Managed'
Mono path[1] = 'D:/Programs/Unity/2020.3.14f1/Editor/Data/MonoBleedingEdge/lib/mono/unityjit'
Mono config path = 'D:/Programs/Unity/2020.3.14f1/Editor/Data/MonoBleedingEdge/etc'
Using monoOptions --debugger-agent=transport=dt_socket,embedding=1,server=y,suspend=n,address=127.0.0.1:56392
Begin MonoManager ReloadAssembly
Registering precompiled unity dll's ...
Register platform support module: D:/Programs/Unity/2020.3.14f1/Editor/Data/PlaybackEngines/WebGLSupport/UnityEditor.WebGL.Extensions.dll
Register platform support module: D:/Programs/Unity/2020.3.14f1/Editor/Data/PlaybackEngines/WindowsStandaloneSupport/UnityEditor.WindowsStandalone.Extensions.dll
Registered in 0.003358 seconds.
Native extension for WindowsStandalone target not found
Native extension for WebGL target not found
Refreshing native plugins compatible for Editor in 102.71 ms, found 6 plugins.
Preloading 1 native plugins for Editor in 0.10 ms.
Mono: successfully reloaded assembly
- Completed reload, in  2.990 seconds
Domain Reload Profiling:
	ReloadAssembly (2991ms)
		BeginReloadAssembly (78ms)
			ExecutionOrderSort (0ms)
			DisableScriptedObjects (0ms)
			BackupInstance (0ms)
			ReleaseScriptingObjects (0ms)
			CreateAndSetChildDomain (1ms)
		EndReloadAssembly (795ms)
			LoadAssemblies (75ms)
			RebuildTransferFunctionScriptingTraits (0ms)
			SetupTypeCache (265ms)
			ReleaseScriptCaches (0ms)
			RebuildScriptCaches (49ms)
			SetupLoadedEditorAssemblies (368ms)
				LogAssemblyErrors (0ms)
				InitializePlatformSupportModulesInManaged (7ms)
				SetLoadedEditorAssemblies (1ms)
				RefreshPlugins (103ms)
				BeforeProcessingInitializeOnLoad (45ms)
				ProcessInitializeOnLoadAttributes (164ms)
				ProcessInitializeOnLoadMethodAttributes (48ms)
				AfterProcessingInitializeOnLoad (0ms)
				EditorAssembliesLoaded (0ms)
			ExecutionOrderSort2 (0ms)
			AwakeInstancesAfterBackupRestoration (0ms)
Platform modules already initialized, skipping
Registering precompiled user dll's ...
Registered in 0.010983 seconds.
Begin MonoManager ReloadAssembly
Native extension for WindowsStandalone target not found
Native extension for WebGL target not found
Refreshing native plugins compatible for Editor in 0.76 ms, found 6 plugins.
Preloading 1 native plugins for Editor in 0.09 ms.
[XR] OculusXRPlugin: registering subsystems
[XR] Unable to register display lifecyle provider: [1]
[XR] Oculus Input lifecycle provider registered.
[XR] Unable to register input lifecyle provider: [1]
[XR] OVRP version 1.61.0
Mono: successfully reloaded assembly
- Completed reload, in  1.636 seconds
Domain Reload Profiling:
	ReloadAssembly (1637ms)
		BeginReloadAssembly (195ms)
			ExecutionOrderSort (0ms)
			DisableScriptedObjects (7ms)
			BackupInstance (0ms)
			ReleaseScriptingObjects (0ms)
			CreateAndSetChildDomain (23ms)
		EndReloadAssembly (1355ms)
			LoadAssemblies (111ms)
			RebuildTransferFunctionScriptingTraits (0ms)
			SetupTypeCache (528ms)
			ReleaseScriptCaches (0ms)
			RebuildScriptCaches (65ms)
			SetupLoadedEditorAssemblies (519ms)
				LogAssemblyErrors (0ms)
				InitializePlatformSupportModulesInManaged (7ms)
				SetLoadedEditorAssemblies (0ms)
				RefreshPlugins (1ms)
				BeforeProcessingInitializeOnLoad (113ms)
				ProcessInitializeOnLoadAttributes (378ms)
				ProcessInitializeOnLoadMethodAttributes (13ms)
				AfterProcessingInitializeOnLoad (7ms)
				EditorAssembliesLoaded (0ms)
			ExecutionOrderSort2 (0ms)
			AwakeInstancesAfterBackupRestoration (7ms)
Platform modules already initialized, skipping
========================================================================
Worker process is ready to serve import requests
Shader 'Oculus/OVRMRCameraFrameLit': fallback shader 'Alpha-Diffuse' not found
Launched and connected shader compiler UnityShaderCompiler.exe after 0.06 seconds
Refreshing native plugins compatible for Editor in 0.82 ms, found 6 plugins.
Preloading 1 native plugins for Editor in 0.09 ms.
Unloading 2053 Unused Serialized files (Serialized files now loaded: 0)
System memory in use before: 98.5 MB.
System memory in use after: 98.6 MB.

Unloading 43 unused Assets to reduce memory usage. Loaded Objects now: 2472.
Total: 2.434800 ms (FindLiveObjects: 0.216700 ms CreateObjectMapping: 0.091200 ms MarkObjects: 2.027900 ms  DeleteObjects: 0.097700 ms)

AssetImportParameters requested are different than current active one (requested -> active):
  custom:framework-win-MediaFoundation: 216162199b28c13a410421893ffa2e32 -> 
  custom:video-decoder-ogg-theora: a1e56fd34408186e4bbccfd4996cb3dc -> 
  custom:container-muxer-webm: aa71ff27fc2769a1b78a27578f13a17b -> 
  custom:container-demuxer-webm: 4f35f7cbe854078d1ac9338744f61a02 -> 
  custom:container-demuxer-ogg: 62fdf1f143b41e24485cea50d1cbac27 -> 
  custom:video-encoder-webm-vp8: eb34c28f22e8b96e1ab97ce403110664 -> 
  custom:video-codec-MediaFoundation-h265: 746d11721c4dcdbdad8f713fa42b33f4 -> 
  custom:video-decoder-webm-vp8: 9c59270c3fd7afecdb556c50c9e8de78 -> 
  custom:audio-decoder-ogg-vorbis: bf7c407c2cedff20999df2af8eb42d56 -> 
  custom:audio-encoder-webm-vorbis: bf7c407c2cedff20999df2af8eb42d56 -> 
========================================================================
Received Import Request.
  path: Assets/ControllerOrientation.cs
  artifactKey: Guid(83b8dee6ccc301949bd5949424179307) Importer(815301076,1909f56bfc062723c751e8b465ee728b)
Start importing Assets/ControllerOrientation.cs using Guid(83b8dee6ccc301949bd5949424179307) Importer(815301076,1909f56bfc062723c751e8b465ee728b)  -> (artifact id: 'c35b451972064b46a4ee9a2e373e08b6') in 0.048947 seconds 
  Import took 0.052722 seconds .

========================================================================
Received Prepare
Registering precompiled user dll's ...
Registered in 0.006329 seconds.
Begin MonoManager ReloadAssembly
Native extension for WindowsStandalone target not found
Native extension for WebGL target not found
Refreshing native plugins compatible for Editor in 1.26 ms, found 6 plugins.
Preloading 1 native plugins for Editor in 0.11 ms.
Mono: successfully reloaded assembly
- Completed reload, in  1.299 seconds
Domain Reload Profiling:
	ReloadAssembly (1299ms)
		BeginReloadAssembly (138ms)
			ExecutionOrderSort (0ms)
			DisableScriptedObjects (5ms)
			BackupInstance (0ms)
			ReleaseScriptingObjects (0ms)
			CreateAndSetChildDomain (37ms)
		EndReloadAssembly (1064ms)
			LoadAssemblies (135ms)
			RebuildTransferFunctionScriptingTraits (0ms)
			SetupTypeCache (395ms)
			ReleaseScriptCaches (1ms)
			RebuildScriptCaches (49ms)
			SetupLoadedEditorAssemblies (377ms)
				LogAssemblyErrors (0ms)
				InitializePlatformSupportModulesInManaged (6ms)
				SetLoadedEditorAssemblies (0ms)
				RefreshPlugins (2ms)
				BeforeProcessingInitializeOnLoad (89ms)
				ProcessInitializeOnLoadAttributes (266ms)
				ProcessInitializeOnLoadMethodAttributes (8ms)
				AfterProcessingInitializeOnLoad (5ms)
				EditorAssembliesLoaded (0ms)
			ExecutionOrderSort2 (0ms)
			AwakeInstancesAfterBackupRestoration (8ms)
Platform modules already initialized, skipping
Switching build target platform(19) subTarget(0) extendedPlatform(0) -> platform(13) subTarget(524294) extendedPlatform(0)
Shader 'Oculus/OVRMRCameraFrameLit': fallback shader 'Alpha-Diffuse' not found
Refreshing native plugins compatible for Editor in 0.90 ms, found 6 plugins.
Preloading 1 native plugins for Editor in 0.09 ms.
Unloading 1993 Unused Serialized files (Serialized files now loaded: 0)
System memory in use before: 93.2 MB.
System memory in use after: 93.3 MB.

Unloading 38 unused Assets to reduce memory usage. Loaded Objects now: 2475.
Total: 2.631500 ms (FindLiveObjects: 0.387600 ms CreateObjectMapping: 0.099700 ms MarkObjects: 2.090900 ms  DeleteObjects: 0.052100 ms)

AssetImportParameters requested are different than current active one (requested -> active):
  custom:framework-win-MediaFoundation: 216162199b28c13a410421893ffa2e32 -> 
  custom:video-decoder-ogg-theora: a1e56fd34408186e4bbccfd4996cb3dc -> 
  custom:container-muxer-webm: aa71ff27fc2769a1b78a27578f13a17b -> 
  custom:container-demuxer-webm: 4f35f7cbe854078d1ac9338744f61a02 -> 
  custom:container-demuxer-ogg: 62fdf1f143b41e24485cea50d1cbac27 -> 
  custom:video-encoder-webm-vp8: eb34c28f22e8b96e1ab97ce403110664 -> 
  custom:video-codec-MediaFoundation-h265: 746d11721c4dcdbdad8f713fa42b33f4 -> 
  custom:video-decoder-webm-vp8: 9c59270c3fd7afecdb556c50c9e8de78 -> 
  custom:graphics/normal-map-encoding: 01000000000000000000000000000000 -> 02000000000000000000000000000000
  custom:audio-decoder-ogg-vorbis: bf7c407c2cedff20999df2af8eb42d56 -> 
  custom:audio-encoder-webm-vorbis: bf7c407c2cedff20999df2af8eb42d56 -> 
========================================================================
Received Import Request.
  Time since last request: 19.620217 seconds.
  path: Assets/ControllerOrientation.cs
  artifactKey: Guid(83b8dee6ccc301949bd5949424179307) Importer(815301076,1909f56bfc062723c751e8b465ee728b)
Start importing Assets/ControllerOrientation.cs using Guid(83b8dee6ccc301949bd5949424179307) Importer(815301076,1909f56bfc062723c751e8b465ee728b)  -> (artifact id: 'a11a71b96463ac88caea4a5831833b84') in 0.004993 seconds 
  Import took 0.049497 seconds .

========================================================================
Received Import Request.
  Time since last request: 0.000284 seconds.
  path: Assets/RightController.cs
  artifactKey: Guid(1e6ddc4d9b718ad41b85544a780ca698) Importer(815301076,1909f56bfc062723c751e8b465ee728b)
Start importing Assets/RightController.cs using Guid(1e6ddc4d9b718ad41b85544a780ca698) Importer(815301076,1909f56bfc062723c751e8b465ee728b)  -> (artifact id: '19fb67bfcf6a2127754be839e5864ab1') in 0.006595 seconds 
  Import took 0.010238 seconds .

========================================================================
Received Prepare
Registering precompiled user dll's ...
Registered in 0.006724 seconds.
Begin MonoManager ReloadAssembly
Native extension for WindowsStandalone target not found
Native extension for WebGL target not found
Refreshing native plugins compatible for Editor in 1.41 ms, found 6 plugins.
Preloading 1 native plugins for Editor in 0.10 ms.
Mono: successfully reloaded assembly
- Completed reload, in  1.487 seconds
Domain Reload Profiling:
	ReloadAssembly (1488ms)
		BeginReloadAssembly (198ms)
			ExecutionOrderSort (0ms)
			DisableScriptedObjects (11ms)
			BackupInstance (0ms)
			ReleaseScriptingObjects (0ms)
			CreateAndSetChildDomain (56ms)
		EndReloadAssembly (1183ms)
			LoadAssemblies (153ms)
			RebuildTransferFunctionScriptingTraits (0ms)
			SetupTypeCache (394ms)
			ReleaseScriptCaches (1ms)
			RebuildScriptCaches (44ms)
			SetupLoadedEditorAssemblies (478ms)
				LogAssemblyErrors (0ms)
				InitializePlatformSupportModulesInManaged (8ms)
				SetLoadedEditorAssemblies (1ms)
				RefreshPlugins (2ms)
				BeforeProcessingInitializeOnLoad (115ms)
				ProcessInitializeOnLoadAttributes (336ms)
				ProcessInitializeOnLoadMethodAttributes (10ms)
				AfterProcessingInitializeOnLoad (6ms)
				EditorAssembliesLoaded (0ms)
			ExecutionOrderSort2 (0ms)
			AwakeInstancesAfterBackupRestoration (9ms)
Platform modules already initialized, skipping
Switching build target platform(19) subTarget(0) extendedPlatform(0) -> platform(13) subTarget(524294) extendedPlatform(0)
Shader 'Oculus/OVRMRCameraFrameLit': fallback shader 'Alpha-Diffuse' not found
Refreshing native plugins compatible for Editor in 0.92 ms, found 6 plugins.
Preloading 1 native plugins for Editor in 0.14 ms.
Unloading 1992 Unused Serialized files (Serialized files now loaded: 0)
System memory in use before: 93.2 MB.
System memory in use after: 93.4 MB.

Unloading 39 unused Assets to reduce memory usage. Loaded Objects now: 2477.
Total: 2.302200 ms (FindLiveObjects: 0.175500 ms CreateObjectMapping: 0.074200 ms MarkObjects: 1.977100 ms  DeleteObjects: 0.074500 ms)

AssetImportParameters requested are different than current active one (requested -> active):
  custom:framework-win-MediaFoundation: 216162199b28c13a410421893ffa2e32 -> 
  custom:video-decoder-ogg-theora: a1e56fd34408186e4bbccfd4996cb3dc -> 
  custom:container-muxer-webm: aa71ff27fc2769a1b78a27578f13a17b -> 
  custom:container-demuxer-webm: 4f35f7cbe854078d1ac9338744f61a02 -> 
  custom:container-demuxer-ogg: 62fdf1f143b41e24485cea50d1cbac27 -> 
  custom:video-encoder-webm-vp8: eb34c28f22e8b96e1ab97ce403110664 -> 
  custom:video-codec-MediaFoundation-h265: 746d11721c4dcdbdad8f713fa42b33f4 -> 
  custom:video-decoder-webm-vp8: 9c59270c3fd7afecdb556c50c9e8de78 -> 
  custom:graphics/normal-map-encoding: 01000000000000000000000000000000 -> 02000000000000000000000000000000
  custom:audio-decoder-ogg-vorbis: bf7c407c2cedff20999df2af8eb42d56 -> 
  custom:audio-encoder-webm-vorbis: bf7c407c2cedff20999df2af8eb42d56 -> 
========================================================================
Received Import Request.
  Time since last request: 60.149807 seconds.
  path: Assets/Oculus
  artifactKey: Guid(07d911b57d228bd44aba1185025c836f) Importer(815301076,1909f56bfc062723c751e8b465ee728b)
Start importing Assets/Oculus using Guid(07d911b57d228bd44aba1185025c836f) Importer(815301076,1909f56bfc062723c751e8b465ee728b)  -> (artifact id: '65418b556786fd9a576966ed93465dfb') in 0.011566 seconds 
  Import took 0.062976 seconds .

========================================================================
Received Import Request.
  Time since last request: 39.584333 seconds.
  path: Assets/Oculus/SampleFramework/Usage/SharedAssets/Models/ball_soccer_01.fbx
  artifactKey: Guid(dfd14d25717789f4796c172f0155c366) Importer(815301076,1909f56bfc062723c751e8b465ee728b)
Start importing Assets/Oculus/SampleFramework/Usage/SharedAssets/Models/ball_soccer_01.fbx using Guid(dfd14d25717789f4796c172f0155c366) Importer(815301076,1909f56bfc062723c751e8b465ee728b)  -> (artifact id: '956574619283381245e4a4f13b7d5f4f') in 0.520981 seconds 
  Import took 0.525376 seconds .

========================================================================
Received Import Request.
  Time since last request: 0.000309 seconds.
  path: Assets/Oculus/SampleFramework/Usage/Locomotion/Prefabs/BlockStepsPf.prefab
  artifactKey: Guid(fd005ef3a3dfd4934abbc1f8924bcabb) Importer(815301076,1909f56bfc062723c751e8b465ee728b)
Start importing Assets/Oculus/SampleFramework/Usage/Locomotion/Prefabs/BlockStepsPf.prefab using Guid(fd005ef3a3dfd4934abbc1f8924bcabb) Importer(815301076,1909f56bfc062723c751e8b465ee728b)  -> (artifact id: 'f35d04d0849cba8e9781406f8dc8e97c') in 0.582271 seconds 
  Import took 0.586687 seconds .

========================================================================
Received Import Request.
  Time since last request: 0.000312 seconds.
  path: Assets/Oculus/LipSync/Editor/Oculus.LipSync.Editor.asmdef
  artifactKey: Guid(a28a0ede888098f48be24ef95777d9bd) Importer(815301076,1909f56bfc062723c751e8b465ee728b)
Start importing Assets/Oculus/LipSync/Editor/Oculus.LipSync.Editor.asmdef using Guid(a28a0ede888098f48be24ef95777d9bd) Importer(815301076,1909f56bfc062723c751e8b465ee728b)  -> (artifact id: '400f6caf59c36db340097ff5fd451bf6') in 0.011430 seconds 
  Import took 0.016035 seconds .

========================================================================
Received Import Request.
  Time since last request: 0.000276 seconds.
  path: Assets/Oculus/SampleFramework/Usage/OVROverlay/Prefabs/OculusWoodBlockNoPhysPf.prefab
  artifactKey: Guid(70c07dd50d6ddb74fbfa78eccee120c5) Importer(815301076,1909f56bfc062723c751e8b465ee728b)
Start importing Assets/Oculus/SampleFramework/Usage/OVROverlay/Prefabs/OculusWoodBlockNoPhysPf.prefab using Guid(70c07dd50d6ddb74fbfa78eccee120c5) Importer(815301076,1909f56bfc062723c751e8b465ee728b)  -> (artifact id: 'f985b082f2f6b42abf697ecba55f4e28') in 0.429099 seconds 
  Import took 0.433073 seconds .

========================================================================
Received Import Request.
  Time since last request: 0.000306 seconds.
  path: Assets/Oculus/VR/Textures/OculusTouchForQuest2/OculusTouchForQuest2_AlbedoRoughness.tga
  artifactKey: Guid(b1f40c50ae24356469c6c6d4bfb2a2d6) Importer(815301076,1909f56bfc062723c751e8b465ee728b)
Start importing Assets/Oculus/VR/Textures/OculusTouchForQuest2/OculusTouchForQuest2_AlbedoRoughness.tga using Guid(b1f40c50ae24356469c6c6d4bfb2a2d6) Importer(815301076,1909f56bfc062723c751e8b465ee728b)  -> (artifact id: 'd04050354df0663c3a21fa2d4a933529') in 0.054821 seconds 
  Import took 0.068172 seconds .

========================================================================
Received Import Request.
  Time since last request: 0.000356 seconds.
  path: Assets/Oculus/SampleFramework/Usage/SharedAssets/Textures/block_wood_01_dif.png
  artifactKey: Guid(4281f5429a5bbd04da4ccfce25a814d3) Importer(815301076,1909f56bfc062723c751e8b465ee728b)
Start importing Assets/Oculus/SampleFramework/Usage/SharedAssets/Textures/block_wood_01_dif.png using Guid(4281f5429a5bbd04da4ccfce25a814d3) Importer(815301076,1909f56bfc062723c751e8b465ee728b)  -> (artifact id: 'a0afdfc3f8bed69baa2838019a009089') in 0.044276 seconds 
  Import took 0.054052 seconds .

========================================================================
Received Import Request.
  Time since last request: 0.000281 seconds.
  path: Assets/Oculus/SampleFramework/Usage/Locomotion/Models/WorldGeo.fbx
  artifactKey: Guid(fb9ba08c9d86b5a409b5fe2eb4f02f5a) Importer(815301076,1909f56bfc062723c751e8b465ee728b)
Start importing Assets/Oculus/SampleFramework/Usage/Locomotion/Models/WorldGeo.fbx using Guid(fb9ba08c9d86b5a409b5fe2eb4f02f5a) Importer(815301076,1909f56bfc062723c751e8b465ee728b)  -> (artifact id: 'a7dbb6a05c1924844431f46cb448be8c') in 0.272598 seconds 
  Import took 0.276686 seconds .

========================================================================
Received Import Request.
  Time since last request: 0.000227 seconds.
  path: Assets/Oculus/VR/Textures/Logos/OculusLogoSplash.png
  artifactKey: Guid(3caded05dba914447a5f85650f9f4ab2) Importer(815301076,1909f56bfc062723c751e8b465ee728b)
Start importing Assets/Oculus/VR/Textures/Logos/OculusLogoSplash.png using Guid(3caded05dba914447a5f85650f9f4ab2) Importer(815301076,1909f56bfc062723c751e8b465ee728b)  -> (artifact id: '277aa9c613b29fe4226ce898e7cce896') in 0.044565 seconds 
  Import took 0.048092 seconds .

========================================================================
Received Import Request.
  Time since last request: 0.000225 seconds.
  path: Assets/XR/Loaders/Oculus Loader.asset
  artifactKey: Guid(d928713d00df70a4ba59afb8dfe463db) Importer(815301076,1909f56bfc062723c751e8b465ee728b)
Start importing Assets/XR/Loaders/Oculus Loader.asset using Guid(d928713d00df70a4ba59afb8dfe463db) Importer(815301076,1909f56bfc062723c751e8b465ee728b)  -> (artifact id: '2bc0315647d277da68ee405bfa2ffa0f') in 0.013523 seconds 
  Import took 0.030513 seconds .

========================================================================
Received Import Request.
  Time since last request: 0.000288 seconds.
  path: Assets/Oculus/SampleFramework/Usage/SharedAssets/Textures/block_wood_01_msm.png
  artifactKey: Guid(a1ff16c8cf0dcb84fab5c183d0fd1dcf) Importer(815301076,1909f56bfc062723c751e8b465ee728b)
Start importing Assets/Oculus/SampleFramework/Usage/SharedAssets/Textures/block_wood_01_msm.png using Guid(a1ff16c8cf0dcb84fab5c183d0fd1dcf) Importer(815301076,1909f56bfc062723c751e8b465ee728b)  -> (artifact id: '38aaba582ae1f6db560ab334efb66060') in 0.024452 seconds 
  Import took 0.029676 seconds .

========================================================================
Received Import Request.
  Time since last request: 0.000245 seconds.
  path: Assets/Oculus/SampleFramework/Usage/DistanceGrab/Prefabs/OutlineItems/DistanceGrabWoodBlockPf.prefab
  artifactKey: Guid(ea7023a21c9958f439273c740ffccda8) Importer(815301076,1909f56bfc062723c751e8b465ee728b)
Start importing Assets/Oculus/SampleFramework/Usage/DistanceGrab/Prefabs/OutlineItems/DistanceGrabWoodBlockPf.prefab using Guid(ea7023a21c9958f439273c740ffccda8) Importer(815301076,1909f56bfc062723c751e8b465ee728b)  -> (artifact id: 'fe725ed7005ada4da9294ed3b1f56caf') in 0.206755 seconds 
  Import took 0.213064 seconds .

========================================================================
Received Import Request.
  Time since last request: 0.000297 seconds.
  path: Assets/Oculus/SampleFramework/Usage/Locomotion/Materials/MAT_cinderblock_01.mat
  artifactKey: Guid(02c684a5a201b40a4a0418558d9512d1) Importer(815301076,1909f56bfc062723c751e8b465ee728b)
Start importing Assets/Oculus/SampleFramework/Usage/Locomotion/Materials/MAT_cinderblock_01.mat using Guid(02c684a5a201b40a4a0418558d9512d1) Importer(815301076,1909f56bfc062723c751e8b465ee728b)  -> (artifact id: '645b0cb3fc044140fd71578c404d3ee2') in 0.655893 seconds 
  Import took 0.672250 seconds .

========================================================================
Received Import Request.
  Time since last request: 0.000333 seconds.
  path: Assets/Oculus/SampleFramework/Usage/SharedAssets/Prefabs/OculusWoodBlockPf.prefab
  artifactKey: Guid(8ee9798876077ae49951b86fabc77fef) Importer(815301076,1909f56bfc062723c751e8b465ee728b)
Start importing Assets/Oculus/SampleFramework/Usage/SharedAssets/Prefabs/OculusWoodBlockPf.prefab using Guid(8ee9798876077ae49951b86fabc77fef) Importer(815301076,1909f56bfc062723c751e8b465ee728b)  -> (artifact id: 'd3289fb259a4fd48fff5b072ebbf4934') in 0.058958 seconds 
  Import took 0.062642 seconds .

========================================================================
Received Import Request.
  Time since last request: 0.000312 seconds.
  path: Assets/Oculus/LipSync/Oculus.LipSync.asmdef
  artifactKey: Guid(bf7126905a54c9746b9c475d69312766) Importer(815301076,1909f56bfc062723c751e8b465ee728b)
Start importing Assets/Oculus/LipSync/Oculus.LipSync.asmdef using Guid(bf7126905a54c9746b9c475d69312766) Importer(815301076,1909f56bfc062723c751e8b465ee728b)  -> (artifact id: '6f7f6e95ace860c56929645943d6f12c') in 0.005990 seconds 
  Import took 0.009753 seconds .

========================================================================
Received Import Request.
  Time since last request: 0.000336 seconds.
  path: Assets/Oculus/VR/Textures/Icons/OculusIcon.png
  artifactKey: Guid(ee6b6c047f060074596445bbb9ebbfe7) Importer(815301076,1909f56bfc062723c751e8b465ee728b)
Start importing Assets/Oculus/VR/Textures/Icons/OculusIcon.png using Guid(ee6b6c047f060074596445bbb9ebbfe7) Importer(815301076,1909f56bfc062723c751e8b465ee728b)  -> (artifact id: '2f51262824a75cdc12f44c84e736bf7c') in 0.042442 seconds 
  Import took 0.054722 seconds .

========================================================================
Received Import Request.
  Time since last request: 0.000240 seconds.
  path: Assets/Oculus/VR/Meshes/HandTracking/OculusHand_L.fbx
  artifactKey: Guid(442d5b4503ed83c4897ef44659446587) Importer(815301076,1909f56bfc062723c751e8b465ee728b)
Start importing Assets/Oculus/VR/Meshes/HandTracking/OculusHand_L.fbx using Guid(442d5b4503ed83c4897ef44659446587) Importer(815301076,1909f56bfc062723c751e8b465ee728b)  -> (artifact id: 'af77af345fb35315450510d383454f53') in 0.055879 seconds 
  Import took 0.059914 seconds .

========================================================================
Received Import Request.
  Time since last request: 0.000210 seconds.
  path: Assets/Oculus/VR/Meshes/OculusTouchForQuestAndRiftS/Materials/OculusTouchForQuestAndRiftS_Material.mat
  artifactKey: Guid(01ac879f6ce09924e9c26663f798beaf) Importer(815301076,1909f56bfc062723c751e8b465ee728b)
Start importing Assets/Oculus/VR/Meshes/OculusTouchForQuestAndRiftS/Materials/OculusTouchForQuestAndRiftS_Material.mat using Guid(01ac879f6ce09924e9c26663f798beaf) Importer(815301076,1909f56bfc062723c751e8b465ee728b)  -> (artifact id: '704f88e0766835ba37a05653bd5d8ae3') in 0.176002 seconds 
  Import took 0.186601 seconds .

========================================================================
Received Import Request.
  Time since last request: 0.000372 seconds.
  path: Assets/Oculus/SampleFramework/Usage/OVROverlay/Textures/Tile_Texture_OculusVideo.png
  artifactKey: Guid(576bbf942ea70bc4f9abed25da33aef7) Importer(815301076,1909f56bfc062723c751e8b465ee728b)
Start importing Assets/Oculus/SampleFramework/Usage/OVROverlay/Textures/Tile_Texture_OculusVideo.png using Guid(576bbf942ea70bc4f9abed25da33aef7) Importer(815301076,1909f56bfc062723c751e8b465ee728b)  -> (artifact id: '0c13bd5ddb1f6b9fc12f894b0d4ac963') in 0.039694 seconds 
  Import took 0.043227 seconds .

========================================================================
Received Import Request.
  Time since last request: 0.000347 seconds.
  path: Assets/Oculus/SampleFramework/Usage/DistanceGrab/Prefabs/OutlineItems/DistanceGrabSoccerBallPf.prefab
  artifactKey: Guid(97f4a8d19ea425a47ae392bde7e260cb) Importer(815301076,1909f56bfc062723c751e8b465ee728b)
Start importing Assets/Oculus/SampleFramework/Usage/DistanceGrab/Prefabs/OutlineItems/DistanceGrabSoccerBallPf.prefab using Guid(97f4a8d19ea425a47ae392bde7e260cb) Importer(815301076,1909f56bfc062723c751e8b465ee728b)  -> (artifact id: '1b7f06f6795d3e8b0930ab7b088e4187') in 0.063954 seconds 
  Import took 0.067667 seconds .

========================================================================
Received Import Request.
  Time since last request: 0.000248 seconds.
  path: Assets/Oculus/SampleFramework/Usage/Locomotion/Models/BlockSunken_01.fbx
  artifactKey: Guid(2e61cf7303ea3498891f76a09f2fcc60) Importer(815301076,1909f56bfc062723c751e8b465ee728b)
Start importing Assets/Oculus/SampleFramework/Usage/Locomotion/Models/BlockSunken_01.fbx using Guid(2e61cf7303ea3498891f76a09f2fcc60) Importer(815301076,1909f56bfc062723c751e8b465ee728b)  -> (artifact id: '25dea6a0525cb9d2cf0ddba4744102de') in 0.153271 seconds 
  Import took 0.157244 seconds .

========================================================================
Received Import Request.
  Time since last request: 0.000322 seconds.
  path: Assets/Oculus/SampleFramework/Usage/SharedAssets/Prefabs/OculusWaterBottlePf.prefab
  artifactKey: Guid(44c054c23ca023940ae65542cf6d9185) Importer(815301076,1909f56bfc062723c751e8b465ee728b)
Start importing Assets/Oculus/SampleFramework/Usage/SharedAssets/Prefabs/OculusWaterBottlePf.prefab using Guid(44c054c23ca023940ae65542cf6d9185) Importer(815301076,1909f56bfc062723c751e8b465ee728b)  -> (artifact id: '3f21c4be328ceacaf3829fdd6e0ffd27') in 0.153045 seconds 
  Import took 0.166312 seconds .

========================================================================
Received Import Request.
  Time since last request: 0.000204 seconds.
  path: Assets/Oculus/VR/Scripts/Editor/Oculus.VR.Scripts.Editor.asmdef
  artifactKey: Guid(7305c54a43f3814439df347c7519653e) Importer(815301076,1909f56bfc062723c751e8b465ee728b)
Start importing Assets/Oculus/VR/Scripts/Editor/Oculus.VR.Scripts.Editor.asmdef using Guid(7305c54a43f3814439df347c7519653e) Importer(815301076,1909f56bfc062723c751e8b465ee728b)  -> (artifact id: 'df1abf1ca7acd8fae4b6b7585bdb6bfc') in 0.007552 seconds 
  Import took 0.011631 seconds .

========================================================================
Received Import Request.
  Time since last request: 0.000231 seconds.
  path: Assets/Oculus/Platform/Editor/Oculus.Platform.Editor.asmdef
  artifactKey: Guid(6dd826fd6b91a62408bae687f038ba7f) Importer(815301076,1909f56bfc062723c751e8b465ee728b)
Start importing Assets/Oculus/Platform/Editor/Oculus.Platform.Editor.asmdef using Guid(6dd826fd6b91a62408bae687f038ba7f) Importer(815301076,1909f56bfc062723c751e8b465ee728b)  -> (artifact id: '1450530fb62bddaa4b3591cefdfa5347') in 0.007527 seconds 
  Import took 0.013745 seconds .

========================================================================
Received Import Request.
  Time since last request: 0.000260 seconds.
  path: Assets/Oculus/SampleFramework/Usage/SharedAssets/Models/block_wood_01.fbx
  artifactKey: Guid(6ec0c875cb1c94e40afcad0a0161eb4e) Importer(815301076,1909f56bfc062723c751e8b465ee728b)
Start importing Assets/Oculus/SampleFramework/Usage/SharedAssets/Models/block_wood_01.fbx using Guid(6ec0c875cb1c94e40afcad0a0161eb4e) Importer(815301076,1909f56bfc062723c751e8b465ee728b)  -> (artifact id: 'd0954d5c690463f3a597d8f15e67e239') in 0.038707 seconds 
  Import took 0.044052 seconds .

========================================================================
Received Import Request.
  Time since last request: 0.000251 seconds.
  path: Assets/Oculus/VR/Meshes/HandTracking/OculusHand_R.fbx
  artifactKey: Guid(88e2e1bfe11ec6c438b0ade27eaeded1) Importer(815301076,1909f56bfc062723c751e8b465ee728b)
Start importing Assets/Oculus/VR/Meshes/HandTracking/OculusHand_R.fbx using Guid(88e2e1bfe11ec6c438b0ade27eaeded1) Importer(815301076,1909f56bfc062723c751e8b465ee728b)  -> (artifact id: 'fc8f69bd2badae9366d23a19a3fc8a49') in 0.060389 seconds 
  Import took 0.065110 seconds .

========================================================================
Received Import Request.
  Time since last request: 0.000240 seconds.
  path: Assets/Oculus/SampleFramework/Usage/OVROverlay/Materials/Tile_Mat_OculusVideo.mat
  artifactKey: Guid(094be3701c9869d41b1dadbb555ee720) Importer(815301076,1909f56bfc062723c751e8b465ee728b)
Start importing Assets/Oculus/SampleFramework/Usage/OVROverlay/Materials/Tile_Mat_OculusVideo.mat using Guid(094be3701c9869d41b1dadbb555ee720) Importer(815301076,1909f56bfc062723c751e8b465ee728b)  -> (artifact id: '94d3340438cc98ea105a8acabb5d5397') in 0.060476 seconds 
  Import took 0.064905 seconds .

========================================================================
Received Import Request.
  Time since last request: 0.000243 seconds.
  path: Assets/Oculus/SampleFramework/Usage/DistanceGrab/Prefabs/OutlineItems/DistanceGrabOculusWaterBottlePf.prefab
  artifactKey: Guid(269666423cfb5994c9d52e58a9ee03d5) Importer(815301076,1909f56bfc062723c751e8b465ee728b)
Start importing Assets/Oculus/SampleFramework/Usage/DistanceGrab/Prefabs/OutlineItems/DistanceGrabOculusWaterBottlePf.prefab using Guid(269666423cfb5994c9d52e58a9ee03d5) Importer(815301076,1909f56bfc062723c751e8b465ee728b)  -> (artifact id: '9aec7ab98e9d0edcb7eba9fa1884888b') in 0.119506 seconds 
  Import took 0.123217 seconds .

========================================================================
Received Import Request.
  Time since last request: 0.000269 seconds.
  path: Assets/Oculus/VR/Textures/Logos/OculusLogo.png
  artifactKey: Guid(a56d69833b6471340bd0029e57449b72) Importer(815301076,1909f56bfc062723c751e8b465ee728b)
Start importing Assets/Oculus/VR/Textures/Logos/OculusLogo.png using Guid(a56d69833b6471340bd0029e57449b72) Importer(815301076,1909f56bfc062723c751e8b465ee728b)  -> (artifact id: '06aa92a17c39bfa2494be2ebece050d9') in 0.027622 seconds 
  Import took 0.031377 seconds .

========================================================================
Received Import Request.
  Time since last request: 0.000253 seconds.
  path: Assets/XR/Settings/Oculus Settings.asset
  artifactKey: Guid(c652e992d17fbb74b898a63ad278d84f) Importer(815301076,1909f56bfc062723c751e8b465ee728b)
Start importing Assets/XR/Settings/Oculus Settings.asset using Guid(c652e992d17fbb74b898a63ad278d84f) Importer(815301076,1909f56bfc062723c751e8b465ee728b)  -> (artifact id: 'fcb7fb0f65cc757af4e617963ae752c8') in 0.008826 seconds 
  Import took 0.013158 seconds .

========================================================================
Received Import Request.
  Time since last request: 0.000242 seconds.
  path: Assets/Oculus/VR/Editor/Oculus.VR.Editor.asmdef
  artifactKey: Guid(d2761a0af0f567748a72629d4bb18a26) Importer(815301076,1909f56bfc062723c751e8b465ee728b)
Start importing Assets/Oculus/VR/Editor/Oculus.VR.Editor.asmdef using Guid(d2761a0af0f567748a72629d4bb18a26) Importer(815301076,1909f56bfc062723c751e8b465ee728b)  -> (artifact id: 'b08846594c527e16c01e8169baa36621') in 0.006431 seconds 
  Import took 0.010939 seconds .

========================================================================
Received Import Request.
  Time since last request: 0.000234 seconds.
  path: Assets/Oculus/VR/Meshes/OculusTouchForRift/Materials/OculusTouchForRift_Material.mat
  artifactKey: Guid(eacafe280fdfa6a44845c135057ae6a5) Importer(815301076,1909f56bfc062723c751e8b465ee728b)
Start importing Assets/Oculus/VR/Meshes/OculusTouchForRift/Materials/OculusTouchForRift_Material.mat using Guid(eacafe280fdfa6a44845c135057ae6a5) Importer(815301076,1909f56bfc062723c751e8b465ee728b)  -> (artifact id: '0148134431d1abff1553fcb3f1a88490') in 0.044654 seconds 
  Import took 0.050460 seconds .

========================================================================
Received Import Request.
  Time since last request: 0.000337 seconds.
  path: Assets/Oculus/VR/Editor/Oculus.VR.Editor.asmdef
  artifactKey: Guid(d2761a0af0f567748a72629d4bb18a26) Importer(815301076,1909f56bfc062723c751e8b465ee728b)
Start importing Assets/Oculus/VR/Editor/Oculus.VR.Editor.asmdef using Guid(d2761a0af0f567748a72629d4bb18a26) Importer(815301076,1909f56bfc062723c751e8b465ee728b)  -> (artifact id: 'b08846594c527e16c01e8169baa36621') in 0.002883 seconds 
  Import took 0.006855 seconds .

========================================================================
Received Import Request.
  Time since last request: 0.000198 seconds.
  path: Assets/Oculus/VR/Meshes/OculusTouchForQuest2/Materials/OculusTouchForQuest2_MAT.mat
  artifactKey: Guid(d7292a5e1ae17a64c95f3081d2c6be5a) Importer(815301076,1909f56bfc062723c751e8b465ee728b)
Start importing Assets/Oculus/VR/Meshes/OculusTouchForQuest2/Materials/OculusTouchForQuest2_MAT.mat using Guid(d7292a5e1ae17a64c95f3081d2c6be5a) Importer(815301076,1909f56bfc062723c751e8b465ee728b)  -> (artifact id: '709a54f8fbdfed191192aac7cda0325a') in 0.127833 seconds 
  Import took 0.132132 seconds .

========================================================================
Received Import Request.
  Time since last request: 0.000295 seconds.
  path: Assets/Oculus/SampleFramework/Usage/SharedAssets/Textures/block_wood_01_nml.png
  artifactKey: Guid(8ae0377f4bf34c04d803e6bbeb1c3077) Importer(815301076,1909f56bfc062723c751e8b465ee728b)
Start importing Assets/Oculus/SampleFramework/Usage/SharedAssets/Textures/block_wood_01_nml.png using Guid(8ae0377f4bf34c04d803e6bbeb1c3077) Importer(815301076,1909f56bfc062723c751e8b465ee728b)  -> (artifact id: '089a3b46167f7b655f19dfbb8306b9cc') in 0.028927 seconds 
  Import took 0.032911 seconds .

========================================================================
Received Import Request.
  Time since last request: 0.000310 seconds.
  path: Assets/Oculus/Avatar/Content/Prefabs/LocalAvatar.prefab
  artifactKey: Guid(84c8b8609f9bb434eaf5248f17ff1293) Importer(815301076,1909f56bfc062723c751e8b465ee728b)
Start importing Assets/Oculus/Avatar/Content/Prefabs/LocalAvatar.prefab using Guid(84c8b8609f9bb434eaf5248f17ff1293) Importer(815301076,1909f56bfc062723c751e8b465ee728b)  -> (artifact id: '8ece93a6cdfec581e2d5e8e8f907be5d') in 0.012547 seconds 
  Import took 0.028590 seconds .

========================================================================
Received Prepare
Registering precompiled user dll's ...
Registered in 0.006685 seconds.
Begin MonoManager ReloadAssembly
Native extension for WindowsStandalone target not found
Native extension for WebGL target not found
Refreshing native plugins compatible for Editor in 1.06 ms, found 6 plugins.
Preloading 1 native plugins for Editor in 0.14 ms.
Mono: successfully reloaded assembly
- Completed reload, in  1.622 seconds
Domain Reload Profiling:
	ReloadAssembly (1622ms)
		BeginReloadAssembly (188ms)
			ExecutionOrderSort (0ms)
			DisableScriptedObjects (5ms)
			BackupInstance (0ms)
			ReleaseScriptingObjects (0ms)
			CreateAndSetChildDomain (56ms)
		EndReloadAssembly (1323ms)
			LoadAssemblies (145ms)
			RebuildTransferFunctionScriptingTraits (0ms)
			SetupTypeCache (444ms)
			ReleaseScriptCaches (1ms)
			RebuildScriptCaches (54ms)
			SetupLoadedEditorAssemblies (507ms)
				LogAssemblyErrors (0ms)
				InitializePlatformSupportModulesInManaged (11ms)
				SetLoadedEditorAssemblies (1ms)
				RefreshPlugins (1ms)
				BeforeProcessingInitializeOnLoad (113ms)
				ProcessInitializeOnLoadAttributes (364ms)
				ProcessInitializeOnLoadMethodAttributes (8ms)
				AfterProcessingInitializeOnLoad (8ms)
				EditorAssembliesLoaded (0ms)
			ExecutionOrderSort2 (0ms)
			AwakeInstancesAfterBackupRestoration (11ms)
Platform modules already initialized, skipping
Switching build target platform(19) subTarget(0) extendedPlatform(0) -> platform(13) subTarget(524294) extendedPlatform(0)
Shader 'Oculus/OVRMRCameraFrameLit': fallback shader 'Alpha-Diffuse' not found
Refreshing native plugins compatible for Editor in 0.86 ms, found 6 plugins.
Preloading 1 native plugins for Editor in 0.09 ms.
Unloading 1992 Unused Serialized files (Serialized files now loaded: 0)
System memory in use before: 110.8 MB.
System memory in use after: 110.9 MB.

Unloading 39 unused Assets to reduce memory usage. Loaded Objects now: 2529.
Total: 3.710700 ms (FindLiveObjects: 0.218500 ms CreateObjectMapping: 0.082500 ms MarkObjects: 3.353100 ms  DeleteObjects: 0.055000 ms)

AssetImportParameters requested are different than current active one (requested -> active):
  custom:framework-win-MediaFoundation: 216162199b28c13a410421893ffa2e32 -> 
  custom:video-decoder-ogg-theora: a1e56fd34408186e4bbccfd4996cb3dc -> 
  custom:container-muxer-webm: aa71ff27fc2769a1b78a27578f13a17b -> 
  custom:container-demuxer-webm: 4f35f7cbe854078d1ac9338744f61a02 -> 
  custom:container-demuxer-ogg: 62fdf1f143b41e24485cea50d1cbac27 -> 
  custom:video-encoder-webm-vp8: eb34c28f22e8b96e1ab97ce403110664 -> 
  custom:video-codec-MediaFoundation-h265: 746d11721c4dcdbdad8f713fa42b33f4 -> 
  custom:video-decoder-webm-vp8: 9c59270c3fd7afecdb556c50c9e8de78 -> 
  custom:graphics/normal-map-encoding: 01000000000000000000000000000000 -> 02000000000000000000000000000000
  custom:audio-decoder-ogg-vorbis: bf7c407c2cedff20999df2af8eb42d56 -> 
  custom:audio-encoder-webm-vorbis: bf7c407c2cedff20999df2af8eb42d56 -> 
========================================================================
Received Prepare
Registering precompiled user dll's ...
Registered in 0.006505 seconds.
Begin MonoManager ReloadAssembly
Native extension for WindowsStandalone target not found
Native extension for WebGL target not found
Refreshing native plugins compatible for Editor in 0.83 ms, found 6 plugins.
Preloading 1 native plugins for Editor in 0.12 ms.
Mono: successfully reloaded assembly
- Completed reload, in  1.319 seconds
Domain Reload Profiling:
	ReloadAssembly (1320ms)
		BeginReloadAssembly (155ms)
			ExecutionOrderSort (0ms)
			DisableScriptedObjects (6ms)
			BackupInstance (0ms)
			ReleaseScriptingObjects (0ms)
			CreateAndSetChildDomain (47ms)
		EndReloadAssembly (1062ms)
			LoadAssemblies (111ms)
			RebuildTransferFunctionScriptingTraits (0ms)
			SetupTypeCache (379ms)
			ReleaseScriptCaches (1ms)
			RebuildScriptCaches (45ms)
			SetupLoadedEditorAssemblies (397ms)
				LogAssemblyErrors (0ms)
				InitializePlatformSupportModulesInManaged (7ms)
				SetLoadedEditorAssemblies (1ms)
				RefreshPlugins (1ms)
				BeforeProcessingInitializeOnLoad (94ms)
				ProcessInitializeOnLoadAttributes (281ms)
				ProcessInitializeOnLoadMethodAttributes (9ms)
				AfterProcessingInitializeOnLoad (5ms)
				EditorAssembliesLoaded (0ms)
			ExecutionOrderSort2 (0ms)
			AwakeInstancesAfterBackupRestoration (8ms)
Platform modules already initialized, skipping
Switching build target platform(19) subTarget(0) extendedPlatform(0) -> platform(13) subTarget(524294) extendedPlatform(0)
Shader 'Oculus/OVRMRCameraFrameLit': fallback shader 'Alpha-Diffuse' not found
Refreshing native plugins compatible for Editor in 0.86 ms, found 6 plugins.
Preloading 1 native plugins for Editor in 0.09 ms.
Unloading 1992 Unused Serialized files (Serialized files now loaded: 0)
System memory in use before: 110.8 MB.
System memory in use after: 110.9 MB.

Unloading 38 unused Assets to reduce memory usage. Loaded Objects now: 2532.
Total: 2.574800 ms (FindLiveObjects: 0.311300 ms CreateObjectMapping: 0.107800 ms MarkObjects: 2.087700 ms  DeleteObjects: 0.066600 ms)

AssetImportParameters requested are different than current active one (requested -> active):
  custom:framework-win-MediaFoundation: 216162199b28c13a410421893ffa2e32 -> 
  custom:video-decoder-ogg-theora: a1e56fd34408186e4bbccfd4996cb3dc -> 
  custom:container-muxer-webm: aa71ff27fc2769a1b78a27578f13a17b -> 
  custom:container-demuxer-webm: 4f35f7cbe854078d1ac9338744f61a02 -> 
  custom:container-demuxer-ogg: 62fdf1f143b41e24485cea50d1cbac27 -> 
  custom:video-encoder-webm-vp8: eb34c28f22e8b96e1ab97ce403110664 -> 
  custom:video-codec-MediaFoundation-h265: 746d11721c4dcdbdad8f713fa42b33f4 -> 
  custom:video-decoder-webm-vp8: 9c59270c3fd7afecdb556c50c9e8de78 -> 
  custom:graphics/normal-map-encoding: 01000000000000000000000000000000 -> 02000000000000000000000000000000
  custom:audio-decoder-ogg-vorbis: bf7c407c2cedff20999df2af8eb42d56 -> 
  custom:audio-encoder-webm-vorbis: bf7c407c2cedff20999df2af8eb42d56 -> 
========================================================================
Received Import Request.
  Time since last request: 1537.967797 seconds.
  path: Assets/Oculus/SampleFramework/Usage/DistanceGrab/Materials/SoccerWhiteWithOutline.mat
  artifactKey: Guid(1b2c77624612445c59f6e3ed3e4c9638) Importer(815301076,1909f56bfc062723c751e8b465ee728b)
Start importing Assets/Oculus/SampleFramework/Usage/DistanceGrab/Materials/SoccerWhiteWithOutline.mat using Guid(1b2c77624612445c59f6e3ed3e4c9638) Importer(815301076,1909f56bfc062723c751e8b465ee728b)  -> (artifact id: 'cb4a65a4db6ca2ac4f5f015f0e40ac16') in 0.116531 seconds 
  Import took 0.144034 seconds .

========================================================================
Received Import Request.
  Time since last request: 0.000308 seconds.
  path: Assets/Oculus/SampleFramework/Usage/OVROverlay/Materials/Tile_Mat_Cinema.mat
  artifactKey: Guid(354a5d3fc93892c44978423fd55d7196) Importer(815301076,1909f56bfc062723c751e8b465ee728b)
Start importing Assets/Oculus/SampleFramework/Usage/OVROverlay/Materials/Tile_Mat_Cinema.mat using Guid(354a5d3fc93892c44978423fd55d7196) Importer(815301076,1909f56bfc062723c751e8b465ee728b)  -> (artifact id: 'f8e700f5f0c7affde6bf887b1903dd12') in 0.278572 seconds 
  Import took 0.300254 seconds .

========================================================================
Received Import Request.
  Time since last request: 0.000284 seconds.
  path: Assets/Oculus/SampleFramework/Usage/OVROverlay/Materials/Tile_Mat_CinemaText.mat
  artifactKey: Guid(a637033578b1e584f9d9f4d5255d5998) Importer(815301076,1909f56bfc062723c751e8b465ee728b)
Start importing Assets/Oculus/SampleFramework/Usage/OVROverlay/Materials/Tile_Mat_CinemaText.mat using Guid(a637033578b1e584f9d9f4d5255d5998) Importer(815301076,1909f56bfc062723c751e8b465ee728b)  -> (artifact id: '19ebd5fe603db082acf93f14433568a5') in 0.220381 seconds 
  Import took 0.226351 seconds .

========================================================================
Received Import Request.
  Time since last request: 0.000297 seconds.
  path: Assets/Oculus/SampleFramework/Usage/OVROverlay/Materials/Tile_Mat_Lost.mat
  artifactKey: Guid(91e0b34c2b2f4e044921cd8113d0d663) Importer(815301076,1909f56bfc062723c751e8b465ee728b)
Start importing Assets/Oculus/SampleFramework/Usage/OVROverlay/Materials/Tile_Mat_Lost.mat using Guid(91e0b34c2b2f4e044921cd8113d0d663) Importer(815301076,1909f56bfc062723c751e8b465ee728b)  -> (artifact id: '27ac9bb8e41b4dc5a6b2798c523e251c') in 0.132451 seconds 
  Import took 0.136316 seconds .

========================================================================
Received Import Request.
  Time since last request: 0.000376 seconds.
  path: Assets/Oculus/SampleFramework/Usage/HandsTrainExample/Materials/WindmillMaterial.mat
  artifactKey: Guid(4f0bb7c7f0bfb2943bdce5930449225e) Importer(815301076,1909f56bfc062723c751e8b465ee728b)
Start importing Assets/Oculus/SampleFramework/Usage/HandsTrainExample/Materials/WindmillMaterial.mat using Guid(4f0bb7c7f0bfb2943bdce5930449225e) Importer(815301076,1909f56bfc062723c751e8b465ee728b)  -> (artifact id: 'fa8c33a95812fd8bef68dd7624fbbde3') in 0.556439 seconds 
  Import took 0.593225 seconds .

========================================================================
Received Import Request.
  Time since last request: 0.000289 seconds.
  path: Assets/Oculus/SampleFramework/Usage/DistanceGrab/Materials/WoodBlockWithOutline.mat
  artifactKey: Guid(3a4cc84819795469da40d14888581e73) Importer(815301076,1909f56bfc062723c751e8b465ee728b)
Start importing Assets/Oculus/SampleFramework/Usage/DistanceGrab/Materials/WoodBlockWithOutline.mat using Guid(3a4cc84819795469da40d14888581e73) Importer(815301076,1909f56bfc062723c751e8b465ee728b)  -> (artifact id: '5c9e979c7fff9f9b8de41c8ceab54a2f') in 0.046680 seconds 
  Import took 0.091506 seconds .

========================================================================
Received Import Request.
  Time since last request: 0.000239 seconds.
  path: Assets/Oculus/SampleFramework/Usage/OVROverlayCanvas/Materials/UI Default Correct.mat
  artifactKey: Guid(c303ccfd63b005d4bbdb8f0bbf9e834b) Importer(815301076,1909f56bfc062723c751e8b465ee728b)
Start importing Assets/Oculus/SampleFramework/Usage/OVROverlayCanvas/Materials/UI Default Correct.mat using Guid(c303ccfd63b005d4bbdb8f0bbf9e834b) Importer(815301076,1909f56bfc062723c751e8b465ee728b)  -> (artifact id: 'e0fd8b30ff866bef9dbe57989600af86') in 0.102387 seconds 
  Import took 0.126588 seconds .

========================================================================
Received Import Request.
  Time since last request: 0.000210 seconds.
  path: Assets/Oculus/SampleFramework/Usage/OVROverlay/Materials/Tile_Mat_360Photo.mat
  artifactKey: Guid(8388a76b6d38060498be3f057adc62fb) Importer(815301076,1909f56bfc062723c751e8b465ee728b)
Start importing Assets/Oculus/SampleFramework/Usage/OVROverlay/Materials/Tile_Mat_360Photo.mat using Guid(8388a76b6d38060498be3f057adc62fb) Importer(815301076,1909f56bfc062723c751e8b465ee728b)  -> (artifact id: '2c5e66d620d1b4928212c82eacd3e58e') in 0.076228 seconds 
  Import took 0.096063 seconds .

========================================================================
Received Import Request.
  Time since last request: 0.000337 seconds.
  path: Assets/Fx Explosion Pack/Texture&Material/Other/Sphere.mat
  artifactKey: Guid(de301047257744248b2202b7f3397f31) Importer(815301076,1909f56bfc062723c751e8b465ee728b)
Start importing Assets/Fx Explosion Pack/Texture&Material/Other/Sphere.mat using Guid(de301047257744248b2202b7f3397f31) Importer(815301076,1909f56bfc062723c751e8b465ee728b)  -> (artifact id: '4e901d2be9ce5a4670733c790349ef39') in 0.134060 seconds 
  Import took 0.161737 seconds .

========================================================================
Received Import Request.
  Time since last request: 0.000258 seconds.
  path: Assets/Oculus/SampleFramework/Usage/DistanceGrab/Materials/ToyBallWithOutline.mat
  artifactKey: Guid(beb3a042b07e94503947a8f63d10c46e) Importer(815301076,1909f56bfc062723c751e8b465ee728b)
Start importing Assets/Oculus/SampleFramework/Usage/DistanceGrab/Materials/ToyBallWithOutline.mat using Guid(beb3a042b07e94503947a8f63d10c46e) Importer(815301076,1909f56bfc062723c751e8b465ee728b)  -> (artifact id: '18de673ed6fa8355bf22c922cfb7db04') in 0.069361 seconds 
  Import took 0.107799 seconds .

========================================================================
Received Import Request.
  Time since last request: 0.000246 seconds.
  path: Assets/Oculus/SampleFramework/Usage/Locomotion/Materials/TriPlanarWorld.mat
  artifactKey: Guid(6551c660b2c93764687b704adf6cb1dc) Importer(815301076,1909f56bfc062723c751e8b465ee728b)
Start importing Assets/Oculus/SampleFramework/Usage/Locomotion/Materials/TriPlanarWorld.mat using Guid(6551c660b2c93764687b704adf6cb1dc) Importer(815301076,1909f56bfc062723c751e8b465ee728b)  -> (artifact id: 'cd95c41d1ee715ef429e01c1e5109d52') in 0.354520 seconds 
  Import took 0.387639 seconds .

========================================================================
Received Import Request.
  Time since last request: 0.000320 seconds.
  path: Assets/Oculus/SampleFramework/Usage/DistanceGrab/Materials/ToyCubeWithOutline.mat
  artifactKey: Guid(99420f5a26a93487aa0ae70d73da8c34) Importer(815301076,1909f56bfc062723c751e8b465ee728b)
Start importing Assets/Oculus/SampleFramework/Usage/DistanceGrab/Materials/ToyCubeWithOutline.mat using Guid(99420f5a26a93487aa0ae70d73da8c34) Importer(815301076,1909f56bfc062723c751e8b465ee728b)  -> (artifact id: 'd6e50940fcc08e3693371b780378c2c3') in 0.066184 seconds 
  Import took 0.081894 seconds .

========================================================================
Received Import Request.
  Time since last request: 0.000327 seconds.
  path: Assets/Oculus/SampleFramework/Usage/DistanceGrab/Materials/SportsBottleLidWithOutline.mat
  artifactKey: Guid(c4838c9fceddb43a5b32cf5f3d35522d) Importer(815301076,1909f56bfc062723c751e8b465ee728b)
Start importing Assets/Oculus/SampleFramework/Usage/DistanceGrab/Materials/SportsBottleLidWithOutline.mat using Guid(c4838c9fceddb43a5b32cf5f3d35522d) Importer(815301076,1909f56bfc062723c751e8b465ee728b)  -> (artifact id: '74722594d46fc64151921aad6a6eaef8') in 0.015713 seconds 
  Import took 0.019914 seconds .

========================================================================
Received Import Request.
  Time since last request: 0.000320 seconds.
  path: Assets/Oculus/SampleFramework/Usage/DistanceGrab/Materials/SportsBottleMetalWithOutline.mat
  artifactKey: Guid(83de4bdf95bc24d318c17ae79d743908) Importer(815301076,1909f56bfc062723c751e8b465ee728b)
Start importing Assets/Oculus/SampleFramework/Usage/DistanceGrab/Materials/SportsBottleMetalWithOutline.mat using Guid(83de4bdf95bc24d318c17ae79d743908) Importer(815301076,1909f56bfc062723c751e8b465ee728b)  -> (artifact id: 'f8a8609d951919c1a6d6564ab9b5b24f') in 0.049894 seconds 
  Import took 0.056575 seconds .

========================================================================
Received Import Request.
  Time since last request: 0.000278 seconds.
  path: Assets/Oculus/SampleFramework/Usage/SharedAssets/Materials/ToyCubeMat.mat
  artifactKey: Guid(b63c152e975e0be45929851911662d79) Importer(815301076,1909f56bfc062723c751e8b465ee728b)
Start importing Assets/Oculus/SampleFramework/Usage/SharedAssets/Materials/ToyCubeMat.mat using Guid(b63c152e975e0be45929851911662d79) Importer(815301076,1909f56bfc062723c751e8b465ee728b)  -> (artifact id: 'f1afb0dad6a0de2769bffad433bbaecf') in 0.041314 seconds 
  Import took 0.094064 seconds .

========================================================================
Received Import Request.
  Time since last request: 0.000279 seconds.
  path: Assets/Oculus/SampleFramework/Usage/DistanceGrab/Materials/TriangleCursorUntargeted.mat
  artifactKey: Guid(766bb65e1129a4712a168c459298b449) Importer(815301076,1909f56bfc062723c751e8b465ee728b)
Start importing Assets/Oculus/SampleFramework/Usage/DistanceGrab/Materials/TriangleCursorUntargeted.mat using Guid(766bb65e1129a4712a168c459298b449) Importer(815301076,1909f56bfc062723c751e8b465ee728b)  -> (artifact id: 'e446423dbd25f74e1ea0dc82ad631efc') in 0.384924 seconds 
  Import took 0.517779 seconds .

========================================================================
Received Import Request.
  Time since last request: 0.000318 seconds.
  path: Assets/Oculus/SampleFramework/Usage/SharedAssets/Materials/ToyBallMat.mat
  artifactKey: Guid(b0b0cd8f767a3f34384866cbf226b83b) Importer(815301076,1909f56bfc062723c751e8b465ee728b)
Start importing Assets/Oculus/SampleFramework/Usage/SharedAssets/Materials/ToyBallMat.mat using Guid(b0b0cd8f767a3f34384866cbf226b83b) Importer(815301076,1909f56bfc062723c751e8b465ee728b)  -> (artifact id: '2ffb9133ee662509304844718619b5ca') in 0.126962 seconds 
  Import took 0.179905 seconds .

========================================================================
Received Import Request.
  Time since last request: 0.000237 seconds.
  path: Assets/Oculus/SampleFramework/Usage/HandsTrainExample/Materials/XingLightMaterial.mat
  artifactKey: Guid(b99b44499a77b3645b481d4f7d0ddf33) Importer(815301076,1909f56bfc062723c751e8b465ee728b)
Start importing Assets/Oculus/SampleFramework/Usage/HandsTrainExample/Materials/XingLightMaterial.mat using Guid(b99b44499a77b3645b481d4f7d0ddf33) Importer(815301076,1909f56bfc062723c751e8b465ee728b)  -> (artifact id: '08b20bc02af27dd359542d875e62d97e') in 0.721167 seconds 
  Import took 0.727461 seconds .

========================================================================
Received Import Request.
  Time since last request: 0.000256 seconds.
  path: Assets/Oculus/SampleFramework/Usage/OVROverlay/Materials/Tile_Mat_BackgroundHighlight.mat
  artifactKey: Guid(081039a448bec6e48827af5f9b606f83) Importer(815301076,1909f56bfc062723c751e8b465ee728b)
Start importing Assets/Oculus/SampleFramework/Usage/OVROverlay/Materials/Tile_Mat_BackgroundHighlight.mat using Guid(081039a448bec6e48827af5f9b606f83) Importer(815301076,1909f56bfc062723c751e8b465ee728b)  -> (artifact id: '365c1b37d5f3e1e44e7a3e1675923ce5') in 0.178073 seconds 
  Import took 0.206534 seconds .

========================================================================
Received Import Request.
  Time since last request: 0.000280 seconds.
  path: Assets/Oculus/Spatializer/scenes/materials/SpatializedObject2.mat
  artifactKey: Guid(f54ef0e328359c14b9005f8a48cbd66b) Importer(815301076,1909f56bfc062723c751e8b465ee728b)
Start importing Assets/Oculus/Spatializer/scenes/materials/SpatializedObject2.mat using Guid(f54ef0e328359c14b9005f8a48cbd66b) Importer(815301076,1909f56bfc062723c751e8b465ee728b)  -> (artifact id: 'd26d1893401a30d18d8a6c3a006787e4') in 0.473027 seconds 
  Import took 0.478721 seconds .

========================================================================
Received Import Request.
  Time since last request: 0.000491 seconds.
  path: Assets/Oculus/SampleFramework/Core/HandsInteraction/Materials/SystemGestureSkeletonBoneMaterial.mat
  artifactKey: Guid(a3aacb3bb3e11b948899db3fbefc6fe1) Importer(815301076,1909f56bfc062723c751e8b465ee728b)
Start importing Assets/Oculus/SampleFramework/Core/HandsInteraction/Materials/SystemGestureSkeletonBoneMaterial.mat using Guid(a3aacb3bb3e11b948899db3fbefc6fe1) Importer(815301076,1909f56bfc062723c751e8b465ee728b)  -> (artifact id: '2775a696238ef3cdb7d95a10127df3b0') in 0.290076 seconds 
  Import took 0.297432 seconds .

========================================================================
Received Import Request.
  Time since last request: 0.000299 seconds.
  path: Assets/Oculus/SampleFramework/Core/HandsInteraction/Materials/SystemGestureHandMaterial.mat
  artifactKey: Guid(6b3381fce337f7049a8972d9356bde5e) Importer(815301076,1909f56bfc062723c751e8b465ee728b)
Start importing Assets/Oculus/SampleFramework/Core/HandsInteraction/Materials/SystemGestureHandMaterial.mat using Guid(6b3381fce337f7049a8972d9356bde5e) Importer(815301076,1909f56bfc062723c751e8b465ee728b)  -> (artifact id: '578c182305278f99aff28f391ae24ba8') in 0.031201 seconds 
  Import took 0.048287 seconds .

========================================================================
Received Import Request.
  Time since last request: 0.000396 seconds.
  path: Assets/Oculus/SampleFramework/Core/Locomotion/Materials/TeleportLaser.mat
  artifactKey: Guid(a379cec2ba497874788d17eb312c61be) Importer(815301076,1909f56bfc062723c751e8b465ee728b)
Start importing Assets/Oculus/SampleFramework/Core/Locomotion/Materials/TeleportLaser.mat using Guid(a379cec2ba497874788d17eb312c61be) Importer(815301076,1909f56bfc062723c751e8b465ee728b)  -> (artifact id: '64be881942125e49d58beac757df063a') in 0.058670 seconds 
  Import took 0.066706 seconds .

========================================================================
Received Import Request.
  Time since last request: 0.000330 seconds.
  path: Assets/Oculus/SampleFramework/Usage/OVROverlay/Materials/Tile_Mat_Farlands.mat
  artifactKey: Guid(b2e6fa7c3e83eee489247ced515747cf) Importer(815301076,1909f56bfc062723c751e8b465ee728b)
Start importing Assets/Oculus/SampleFramework/Usage/OVROverlay/Materials/Tile_Mat_Farlands.mat using Guid(b2e6fa7c3e83eee489247ced515747cf) Importer(815301076,1909f56bfc062723c751e8b465ee728b)  -> (artifact id: '456a06f1cda80f4c3d54838848c2aaad') in 0.129796 seconds 
  Import took 0.155250 seconds .

========================================================================
Received Import Request.
  Time since last request: 0.000320 seconds.
  path: Assets/Oculus/SampleFramework/Usage/SharedAssets/Materials/SportsBottle_metal.mat
  artifactKey: Guid(e04a4300d0596db4ba52a535422513d3) Importer(815301076,1909f56bfc062723c751e8b465ee728b)
Start importing Assets/Oculus/SampleFramework/Usage/SharedAssets/Materials/SportsBottle_metal.mat using Guid(e04a4300d0596db4ba52a535422513d3) Importer(815301076,1909f56bfc062723c751e8b465ee728b)  -> (artifact id: '73fffab3eab385386fd0b878b74529a5') in 0.132399 seconds 
  Import took 0.138650 seconds .

========================================================================
Received Import Request.
  Time since last request: 0.000321 seconds.
  path: Assets/Oculus/SampleFramework/Usage/OVROverlay/Materials/Tile_Mat_Henry.mat
  artifactKey: Guid(e4486e58dde90df498b2efdcf4292917) Importer(815301076,1909f56bfc062723c751e8b465ee728b)
Start importing Assets/Oculus/SampleFramework/Usage/OVROverlay/Materials/Tile_Mat_Henry.mat using Guid(e4486e58dde90df498b2efdcf4292917) Importer(815301076,1909f56bfc062723c751e8b465ee728b)  -> (artifact id: 'a6e2f94a88ef26a08420fe6ea87c71a3') in 0.101723 seconds 
  Import took 0.126164 seconds .

========================================================================
Received Import Request.
  Time since last request: 0.000383 seconds.
  path: Assets/Oculus/SampleFramework/Usage/SharedAssets/Materials/WoodBlock.mat
  artifactKey: Guid(163257dbf13bb9b4ebf2e088c4a50b1f) Importer(815301076,1909f56bfc062723c751e8b465ee728b)
Start importing Assets/Oculus/SampleFramework/Usage/SharedAssets/Materials/WoodBlock.mat using Guid(163257dbf13bb9b4ebf2e088c4a50b1f) Importer(815301076,1909f56bfc062723c751e8b465ee728b)  -> (artifact id: '796c5fe5ebdfe669026bff5acffc1f2c') in 0.158502 seconds 
  Import took 0.175957 seconds .

========================================================================
Received Import Request.
  Time since last request: 0.000236 seconds.
  path: Assets/Oculus/SampleFramework/Core/TouchControllers/Models/touch_controller_MAT.mat
  artifactKey: Guid(d8a202bc350b09c4e808ea37c6929755) Importer(815301076,1909f56bfc062723c751e8b465ee728b)
Start importing Assets/Oculus/SampleFramework/Core/TouchControllers/Models/touch_controller_MAT.mat using Guid(d8a202bc350b09c4e808ea37c6929755) Importer(815301076,1909f56bfc062723c751e8b465ee728b)  -> (artifact id: '0e6d0eb766949216c02496b4f7d5dfbc') in 0.682725 seconds 
  Import took 0.712717 seconds .

========================================================================
Received Import Request.
  Time since last request: 0.000200 seconds.
  path: Assets/Oculus/Spatializer/scenes/materials/SpatializedObject1.mat
  artifactKey: Guid(6498d4298a35c5c44894b5f194468896) Importer(815301076,1909f56bfc062723c751e8b465ee728b)
Start importing Assets/Oculus/Spatializer/scenes/materials/SpatializedObject1.mat using Guid(6498d4298a35c5c44894b5f194468896) Importer(815301076,1909f56bfc062723c751e8b465ee728b)  -> (artifact id: '6a8c8fce04a49998f8d2c76d38cd7dd8') in 0.065459 seconds 
  Import took 0.110967 seconds .

========================================================================
Received Import Request.
  Time since last request: 0.000271 seconds.
  path: Assets/Oculus/SampleFramework/Core/HandsInteraction/Materials/TargetMaterial.mat
  artifactKey: Guid(7c4fbc253f678a74f8135c524ac84bfe) Importer(815301076,1909f56bfc062723c751e8b465ee728b)
Start importing Assets/Oculus/SampleFramework/Core/HandsInteraction/Materials/TargetMaterial.mat using Guid(7c4fbc253f678a74f8135c524ac84bfe) Importer(815301076,1909f56bfc062723c751e8b465ee728b)  -> (artifact id: '5972ce102b4651a681cfa9a85d5765a3') in 0.062097 seconds 
  Import took 0.106324 seconds .

========================================================================
Received Import Request.
  Time since last request: 0.000291 seconds.
  path: Assets/Oculus/SampleFramework/Core/TouchControllers/Materials/touchController_basecolor.mat
  artifactKey: Guid(1caef85feb223044d801a24540271231) Importer(815301076,1909f56bfc062723c751e8b465ee728b)
Start importing Assets/Oculus/SampleFramework/Core/TouchControllers/Materials/touchController_basecolor.mat using Guid(1caef85feb223044d801a24540271231) Importer(815301076,1909f56bfc062723c751e8b465ee728b)  -> (artifact id: '3e54e98a0a599503166c615322956ea3') in 0.065394 seconds 
  Import took 0.071271 seconds .

========================================================================
Received Import Request.
  Time since last request: 0.000266 seconds.
  path: Assets/Oculus/SampleFramework/Usage/SharedAssets/Materials/SportsBottle_lid.mat
  artifactKey: Guid(c99e99ab53520b24f933da34732440eb) Importer(815301076,1909f56bfc062723c751e8b465ee728b)
Start importing Assets/Oculus/SampleFramework/Usage/SharedAssets/Materials/SportsBottle_lid.mat using Guid(c99e99ab53520b24f933da34732440eb) Importer(815301076,1909f56bfc062723c751e8b465ee728b)  -> (artifact id: '2b963b63150d394979b606082f060efa') in 0.017178 seconds 
  Import took 0.024227 seconds .

========================================================================
Received Import Request.
  Time since last request: 0.000313 seconds.
  path: Assets/Oculus/SampleFramework/Usage/DistanceGrab/Materials/TriangleCursorTargeted.mat
  artifactKey: Guid(61ef159634e7b49fb88f64dfa954b0f5) Importer(815301076,1909f56bfc062723c751e8b465ee728b)
Start importing Assets/Oculus/SampleFramework/Usage/DistanceGrab/Materials/TriangleCursorTargeted.mat using Guid(61ef159634e7b49fb88f64dfa954b0f5) Importer(815301076,1909f56bfc062723c751e8b465ee728b)  -> (artifact id: 'a937c686742e6462cd9e4c9337fe1a6c') in 0.059225 seconds 
  Import took 0.145404 seconds .

========================================================================
Received Prepare
Registering precompiled user dll's ...
Registered in 0.006726 seconds.
Begin MonoManager ReloadAssembly
Native extension for WindowsStandalone target not found
Native extension for WebGL target not found
Refreshing native plugins compatible for Editor in 0.85 ms, found 6 plugins.
Preloading 1 native plugins for Editor in 0.10 ms.
Mono: successfully reloaded assembly
- Completed reload, in  1.314 seconds
Domain Reload Profiling:
	ReloadAssembly (1314ms)
		BeginReloadAssembly (119ms)
			ExecutionOrderSort (0ms)
			DisableScriptedObjects (4ms)
			BackupInstance (0ms)
			ReleaseScriptingObjects (0ms)
			CreateAndSetChildDomain (36ms)
		EndReloadAssembly (1126ms)
			LoadAssemblies (100ms)
			RebuildTransferFunctionScriptingTraits (0ms)
			SetupTypeCache (373ms)
			ReleaseScriptCaches (1ms)
			RebuildScriptCaches (51ms)
			SetupLoadedEditorAssemblies (421ms)
				LogAssemblyErrors (0ms)
				InitializePlatformSupportModulesInManaged (7ms)
				SetLoadedEditorAssemblies (1ms)
				RefreshPlugins (1ms)
				BeforeProcessingInitializeOnLoad (105ms)
				ProcessInitializeOnLoadAttributes (293ms)
				ProcessInitializeOnLoadMethodAttributes (8ms)
				AfterProcessingInitializeOnLoad (6ms)
				EditorAssembliesLoaded (0ms)
			ExecutionOrderSort2 (0ms)
			AwakeInstancesAfterBackupRestoration (8ms)
Platform modules already initialized, skipping
Switching build target platform(19) subTarget(0) extendedPlatform(0) -> platform(13) subTarget(524294) extendedPlatform(0)
Shader 'Oculus/OVRMRCameraFrameLit': fallback shader 'Alpha-Diffuse' not found
Refreshing native plugins compatible for Editor in 0.76 ms, found 6 plugins.
Preloading 1 native plugins for Editor in 0.08 ms.
Unloading 1992 Unused Serialized files (Serialized files now loaded: 0)
System memory in use before: 110.9 MB.
System memory in use after: 111.0 MB.

Unloading 38 unused Assets to reduce memory usage. Loaded Objects now: 2537.
Total: 2.465800 ms (FindLiveObjects: 0.292900 ms CreateObjectMapping: 0.079700 ms MarkObjects: 2.026200 ms  DeleteObjects: 0.065900 ms)

AssetImportParameters requested are different than current active one (requested -> active):
  custom:framework-win-MediaFoundation: 216162199b28c13a410421893ffa2e32 -> 
  custom:video-decoder-ogg-theora: a1e56fd34408186e4bbccfd4996cb3dc -> 
  custom:container-muxer-webm: aa71ff27fc2769a1b78a27578f13a17b -> 
  custom:container-demuxer-webm: 4f35f7cbe854078d1ac9338744f61a02 -> 
  custom:container-demuxer-ogg: 62fdf1f143b41e24485cea50d1cbac27 -> 
  custom:video-encoder-webm-vp8: eb34c28f22e8b96e1ab97ce403110664 -> 
  custom:video-codec-MediaFoundation-h265: 746d11721c4dcdbdad8f713fa42b33f4 -> 
  custom:video-decoder-webm-vp8: 9c59270c3fd7afecdb556c50c9e8de78 -> 
  custom:graphics/normal-map-encoding: 01000000000000000000000000000000 -> 02000000000000000000000000000000
  custom:audio-decoder-ogg-vorbis: bf7c407c2cedff20999df2af8eb42d56 -> 
  custom:audio-encoder-webm-vorbis: bf7c407c2cedff20999df2af8eb42d56 -> 
